

Version:	3.50
CmdLine:	C:\Users\pkraj\OneDrive\Study\Java_Projects\Electricity_Bill_management\setup\EBM.exe --l4j-debug
JNI:		No
WOW64:		Yes
Working dir:	C:\Users\pkraj\OneDrive\Study\Java_Projects\Electricity_Bill_management\setup\.
Requires JDK:	No
Requires 64-Bit: No
Java min ver:	
Java max ver:	
JRE paths:	jre
Check launcher:	C:\Users\pkraj\OneDrive\Study\Java_Projects\Electricity_Bill_management\setup\jre\bin\javaw.exe (OK)
Version string: 1.024.000_002 / 64-Bit (OK)
Launcher:	C:\Users\pkraj\OneDrive\Study\Java_Projects\Electricity_Bill_management\setup\jre\bin\javaw.exe
Launcher args:	-jar "C:\Users\pkraj\OneDrive\Study\Java_Projects\Electricity_Bill_management\setup\EBM.exe"
Args length:	92/32768 chars
Exit code:	0


Version:	3.50
CmdLine:	C:\Users\pkraj\OneDrive\Study\Java_Projects\Electricity_Bill_management\setup\EBM.exe --l4j-debug
JNI:		No
WOW64:		Yes
Working dir:	C:\Users\pkraj\OneDrive\Study\Java_Projects\Electricity_Bill_management\setup\.
Requires JDK:	No
Requires 64-Bit: No
Java min ver:	
Java max ver:	
JRE paths:	jre
Check launcher:	C:\Users\pkraj\OneDrive\Study\Java_Projects\Electricity_Bill_management\setup\jre\bin\javaw.exe (OK)
Version string: 1.024.000_002 / 64-Bit (OK)
Launcher:	C:\Users\pkraj\OneDrive\Study\Java_Projects\Electricity_Bill_management\setup\jre\bin\javaw.exe
Launcher args:	-jar "C:\Users\pkraj\OneDrive\Study\Java_Projects\Electricity_Bill_management\setup\EBM.exe"
Args length:	92/32768 chars
Exit code:	0


Version:	3.50
CmdLine:	C:\Users\pkraj\OneDrive\Study\Java_Projects\Electricity_Bill_management\setup\EBM.exe --l4j-debug
JNI:		No
WOW64:		Yes
Working dir:	C:\Users\pkraj\OneDrive\Study\Java_Projects\Electricity_Bill_management\setup\.
Requires JDK:	No
Requires 64-Bit: No
Java min ver:	
Java max ver:	
JRE paths:	jre
Check launcher:	C:\Users\pkraj\OneDrive\Study\Java_Projects\Electricity_Bill_management\setup\jre\bin\javaw.exe (OK)
Version string: 1.024.000_002 / 64-Bit (OK)
Launcher:	C:\Users\pkraj\OneDrive\Study\Java_Projects\Electricity_Bill_management\setup\jre\bin\javaw.exe
Launcher args:	-jar "C:\Users\pkraj\OneDrive\Study\Java_Projects\Electricity_Bill_management\setup\EBM.exe"
Args length:	92/32768 chars
Exit code:	0


Version:	3.50
CmdLine:	C:\Users\pkraj\OneDrive\Study\Java_Projects\Electricity_Bill_management\setup\EBM.exe --l4j-debug
JNI:		No
WOW64:		Yes
Working dir:	C:\Users\pkraj\OneDrive\Study\Java_Projects\Electricity_Bill_management\setup\.
Requires JDK:	No
Requires 64-Bit: No
Java min ver:	
Java max ver:	
JRE paths:	jre
Check launcher:	C:\Users\pkraj\OneDrive\Study\Java_Projects\Electricity_Bill_management\setup\jre\bin\javaw.exe (OK)
Version string: 1.024.000_002 / 64-Bit (OK)
Launcher:	C:\Users\pkraj\OneDrive\Study\Java_Projects\Electricity_Bill_management\setup\jre\bin\javaw.exe
Launcher args:	-jar "C:\Users\pkraj\OneDrive\Study\Java_Projects\Electricity_Bill_management\setup\EBM.exe"
Args length:	92/32768 chars
Exit code:	0
